<?xml version="1.0" encoding="UTF-8"?>
<!-- Generated by org.testng.reporters.JUnitXMLReporter -->
<testsuite hostname="RISKCON-PC" ignored="0" name="Default test" tests="3" failures="0" timestamp="03 Apr 2019 17:12:38 GMT" time="18.116" errors="0">
  <testcase name="testMethod" time="3.46" classname="com.dataProvider"/>
  <testcase name="testMethod" time="3.337" classname="com.dataProvider"/>
  <testcase name="testMethod" time="3.406" classname="com.dataProvider"/>
</testsuite> <!-- Default test -->
