<?xml version="1.0" encoding="UTF-8"?>
<testng-results skipped="0" failed="0" ignored="0" total="3" passed="3">
  <reporter-output>
  </reporter-output>
  <suite name="Default suite" duration-ms="18116" started-at="2019-04-03T17:12:20Z" finished-at="2019-04-03T17:12:38Z">
    <groups>
    </groups>
    <test name="Default test" duration-ms="18116" started-at="2019-04-03T17:12:20Z" finished-at="2019-04-03T17:12:38Z">
      <class name="com.dataProvider">
        <test-method status="PASS" signature="setup()[pri:0, instance:com.dataProvider@7c16905e]" name="setup" is-config="true" duration-ms="7842" started-at="2019-04-03T17:12:20Z" finished-at="2019-04-03T17:12:28Z">
          <reporter-output>
          </reporter-output>
        </test-method> <!-- setup -->
        <test-method status="PASS" signature="testMethod(java.lang.String, java.lang.String)[pri:0, instance:com.dataProvider@7c16905e]" name="testMethod" duration-ms="3460" started-at="2019-04-03T17:12:28Z" data-provider="SearchProvider" finished-at="2019-04-03T17:12:32Z">
          <params>
            <param index="0">
              <value>
                <![CDATA[Guru99]]>
              </value>
            </param>
            <param index="1">
              <value>
                <![CDATA[India]]>
              </value>
            </param>
          </params>
          <reporter-output>
          </reporter-output>
        </test-method> <!-- testMethod -->
        <test-method status="PASS" signature="testMethod(java.lang.String, java.lang.String)[pri:0, instance:com.dataProvider@7c16905e]" name="testMethod" duration-ms="3337" started-at="2019-04-03T17:12:32Z" data-provider="SearchProvider" finished-at="2019-04-03T17:12:35Z">
          <params>
            <param index="0">
              <value>
                <![CDATA[Krishna]]>
              </value>
            </param>
            <param index="1">
              <value>
                <![CDATA[UK]]>
              </value>
            </param>
          </params>
          <reporter-output>
          </reporter-output>
        </test-method> <!-- testMethod -->
        <test-method status="PASS" signature="testMethod(java.lang.String, java.lang.String)[pri:0, instance:com.dataProvider@7c16905e]" name="testMethod" duration-ms="3406" started-at="2019-04-03T17:12:35Z" data-provider="SearchProvider" finished-at="2019-04-03T17:12:38Z">
          <params>
            <param index="0">
              <value>
                <![CDATA[Bhupesh]]>
              </value>
            </param>
            <param index="1">
              <value>
                <![CDATA[USA]]>
              </value>
            </param>
          </params>
          <reporter-output>
          </reporter-output>
        </test-method> <!-- testMethod -->
      </class> <!-- com.dataProvider -->
    </test> <!-- Default test -->
  </suite> <!-- Default suite -->
</testng-results>
